<?xml version="1.0" encoding="UTF-8"?>
<Site BuildName="(empty)"
	BuildStamp="20240625-0435-Experimental"
	Name="(empty)"
	Generator="ctest-3.28.1"
	CompilerName=""
	CompilerVersion=""
	OSName="Windows"
	Hostname="DESKTOP-HMVI89J"
	OSRelease=" Professional"
	OSVersion=" (Build 19045)"
	OSPlatform="AMD64"
	Is64Bits="1"
	VendorString="GenuineIntel"
	VendorID="Intel Corporation"
	FamilyID="6"
	ModelID="14"
	ProcessorCacheSize="-1"
	NumberOfLogicalCPU="4"
	NumberOfPhysicalCPU="4"
	TotalVirtualMemory="18729"
	TotalPhysicalMemory="16297"
	LogicalProcessorsPerPhysical="1"
	ProcessorClockFrequency="3408"
	>
	<Testing>
		<StartDateTime>Jun 25 10:36 India Standard Time</StartDateTime>
		<StartTestTime>1719291968</StartTestTime>
		<TestList>
			<Test>./test/powerwindowstests</Test>
		</TestList>
		<Test Status="passed">
			<Name>powerwindowstests</Name>
			<Path>./test</Path>
			<FullName>./test/powerwindowstests</FullName>
			<FullCommandLine>E:\C-Programming\C-Programming\power_windows\build\test\powerwindowstests.exe</FullCommandLine>
			<Results>
				<NamedMeasurement type="numeric/double" name="Execution Time">
					<Value>0.0892308</Value>
				</NamedMeasurement>
				<NamedMeasurement type="numeric/double" name="Processors">
					<Value>1</Value>
				</NamedMeasurement>
				<NamedMeasurement type="text/string" name="Completion Status">
					<Value>Completed</Value>
				</NamedMeasurement>
				<NamedMeasurement type="text/string" name="Command Line">
					<Value>E:\C-Programming\C-Programming\power_windows\build\test\powerwindowstests.exe</Value>
				</NamedMeasurement>
				<NamedMeasurement type="text/string" name="Environment">
					<Value>#CTEST_RESOURCE_GROUP_COUNT=</Value>
				</NamedMeasurement>
				<Measurement>
					<Value encoding="base64" compression="gzip">eJyVlMFuwjAMhu95Ch/HgaowxrjsuO0waZMQ0w6oqgp1aaQ0iRKXwtvPbRFCqNDiS5Xkj/39Sdz12zkiWJZaS72DBRB68pA5U8C0GYAvJX8DsR6fI4JPZTaJagWo99IZXaBmMdK4tFfi2WXW90NSWIVxPRWTWMPy9xuaiK7WgsxpihVmFFtToYsrqVNTeRHChOGeOe8LzOGVqcUHAxDUWmi00GpBctVSqSOUlku18fM1uBQ8hVD4UT+lk7v8GnPBaHNGnDHqlJFDEH8tlSdjLaaQ1LRekjQaQnEy0aS64YIHut9HB8wQIw4T13XcD/tYcqJ7d9Hr4gbJYBNdt9HxaBrOe8fd82hu1TpzDmyCVg9kKFEj0b9tVc/Eq85zOK0FTeZLqtgYd+kmCLhLVzl7tYkjMBlQjm1Dm5JsSVAlHhwWZs837KXeIkhu9sMWMfWtOHfoc6PSevcknM5gc6x/FZH4ByXubVM=</Value>
				</Measurement>
			</Results>
		</Test>
		<EndDateTime>Jun 25 10:36 India Standard Time</EndDateTime>
		<EndTestTime>1719291968</EndTestTime>
		<ElapsedMinutes>0</ElapsedMinutes>
	</Testing>
</Site>
