<?xml version="1.0" encoding="UTF-8"?>
<Site BuildName="(empty)"
	BuildStamp="20240618-1001-Experimental"
	Name="(empty)"
	Generator="ctest-3.28.1"
	CompilerName=""
	CompilerVersion=""
	OSName="Windows"
	Hostname="LAPTOP-CVJ162RI"
	OSRelease=" Personal"
	OSVersion=" (Build 22631)"
	OSPlatform="AMD64"
	Is64Bits="1"
	VendorString="GenuineIntel"
	VendorID="Intel Corporation"
	FamilyID="6"
	ModelID="12"
	ProcessorCacheSize="-1"
	NumberOfLogicalCPU="8"
	NumberOfPhysicalCPU="4"
	TotalVirtualMemory="18586"
	TotalPhysicalMemory="7834"
	LogicalProcessorsPerPhysical="2"
	ProcessorClockFrequency="1996"
	>
	<Testing>
		<StartDateTime>Jun 18 21:59 India Standard Time</StartDateTime>
		<StartTestTime>1718728147</StartTestTime>
		<TestList/>
		<EndDateTime>Jun 18 21:59 India Standard Time</EndDateTime>
		<EndTestTime>1718728147</EndTestTime>
		<ElapsedMinutes>0</ElapsedMinutes>
	</Testing>
</Site>
