Start testing: Jun 19 18:33 India Standard Time
----------------------------------------------------------
1/1 Testing: ExampleTests
1/1 Test: ExampleTests
Command: "D:/Example/build/test/ExampleTests.exe"
Directory: D:/Example/build/test
"ExampleTests" start time: Jun 19 18:33 India Standard Time
Output:
----------------------------------------------------------
Running main() from D:\Example\googletest\googletest\src\gtest_main.cc
[==========] Running 0 tests from 0 test suites.
[==========] 0 tests from 0 test suites ran. (0 ms total)
[  PASSED  ] 0 tests.
<end of output>
Test time =   0.11 sec
----------------------------------------------------------
Test Passed.
"ExampleTests" end time: Jun 19 18:33 India Standard Time
"ExampleTests" time elapsed: 00:00:00
----------------------------------------------------------

End testing: Jun 19 18:33 India Standard Time
