Start testing: Jun 18 17:32 India Standard Time
----------------------------------------------------------
1/1 Testing: ExampleTests
1/1 Test: ExampleTests
Command: "D:/C-Programming/Module1/Examples/build/tests/ExampleTests.exe"
Directory: D:/C-Programming/Module1/Examples/build/tests
"ExampleTests" start time: Jun 18 17:32 India Standard Time
Output:
----------------------------------------------------------
Running main() from D:\C-Programming\Module1\Examples\googletest\googletest\src\gtest_main.cc
[==========] Running 0 tests from 0 test suites.
[==========] 0 tests from 0 test suites ran. (0 ms total)
[  PASSED  ] 0 tests.
<end of output>
Test time =   0.02 sec
----------------------------------------------------------
Test Passed.
"ExampleTests" end time: Jun 18 17:32 India Standard Time
"ExampleTests" time elapsed: 00:00:00
----------------------------------------------------------

End testing: Jun 18 17:32 India Standard Time
