Start testing: Jun 19 18:43 India Standard Time
----------------------------------------------------------
1/1 Testing: ExampleTests
1/1 Test: ExampleTests
Command: "D:/C-Programming/Module1/Examples/build/tests/ExampleTests.exe"
Directory: D:/C-Programming/Module1/Examples/build/tests
"ExampleTests" start time: Jun 19 18:43 India Standard Time
Output:
----------------------------------------------------------
Running main() from D:\C-Programming\Module1\Examples\googletest\googletest\src\gtest_main.cc
[==========] Running 2 tests from 1 test suite.
[----------] Global test environment set-up.
[----------] 2 tests from ExampleTests_T
[ RUN      ] ExampleTests_T.low_beam_light
[       OK ] ExampleTests_T.low_beam_light (0 ms)
[ RUN      ] ExampleTests_T.high_beam_light
[       OK ] ExampleTests_T.high_beam_light (0 ms)
[----------] 2 tests from ExampleTests_T (0 ms total)

[----------] Global test environment tear-down
[==========] 2 tests from 1 test suite ran. (0 ms total)
[  PASSED  ] 2 tests.
<end of output>
Test time =   0.06 sec
----------------------------------------------------------
Test Passed.
"ExampleTests" end time: Jun 19 18:43 India Standard Time
"ExampleTests" time elapsed: 00:00:00
----------------------------------------------------------

End testing: Jun 19 18:43 India Standard Time
