<?xml version="1.0" encoding="UTF-8"?>
<Site BuildName="(empty)"
	BuildStamp="20240701-0555-Experimental"
	Name="(empty)"
	Generator="ctest-3.28.1"
	CompilerName=""
	CompilerVersion=""
	OSName="Windows"
	Hostname="DESKTOP-HMVI89J"
	OSRelease=" Professional"
	OSVersion=" (Build 19045)"
	OSPlatform="AMD64"
	Is64Bits="1"
	VendorString="GenuineIntel"
	VendorID="Intel Corporation"
	FamilyID="6"
	ModelID="14"
	ProcessorCacheSize="-1"
	NumberOfLogicalCPU="4"
	NumberOfPhysicalCPU="4"
	TotalVirtualMemory="18729"
	TotalPhysicalMemory="16297"
	LogicalProcessorsPerPhysical="1"
	ProcessorClockFrequency="3407"
	>
	<Testing>
		<StartDateTime>Jul 01 11:25 India Standard Time</StartDateTime>
		<StartTestTime>1719813346</StartTestTime>
		<TestList/>
		<EndDateTime>Jul 01 11:25 India Standard Time</EndDateTime>
		<EndTestTime>1719813346</EndTestTime>
		<ElapsedMinutes>0</ElapsedMinutes>
	</Testing>
</Site>
