<?xml version="1.0" encoding="UTF-8"?>
<Site BuildName="(empty)"
	BuildStamp="20240619-0438-Experimental"
	Name="(empty)"
	Generator="ctest-3.28.1"
	CompilerName=""
	CompilerVersion=""
	OSName="Windows"
	Hostname="LAPTOP-CVJ162RI"
	OSRelease=" Personal"
	OSVersion=" (Build 22631)"
	OSPlatform="AMD64"
	Is64Bits="1"
	VendorString="GenuineIntel"
	VendorID="Intel Corporation"
	FamilyID="6"
	ModelID="12"
	ProcessorCacheSize="-1"
	NumberOfLogicalCPU="8"
	NumberOfPhysicalCPU="4"
	TotalVirtualMemory="18586"
	TotalPhysicalMemory="7834"
	LogicalProcessorsPerPhysical="2"
	ProcessorClockFrequency="1996"
	>
	<Testing>
		<StartDateTime>Jun 19 18:33 India Standard Time</StartDateTime>
		<StartTestTime>1718802217</StartTestTime>
		<TestList>
			<Test>./test/ExampleTests</Test>
		</TestList>
		<Test Status="passed">
			<Name>ExampleTests</Name>
			<Path>./test</Path>
			<FullName>./test/ExampleTests</FullName>
			<FullCommandLine>D:\Example\build\test\ExampleTests.exe</FullCommandLine>
			<Results>
				<NamedMeasurement type="numeric/double" name="Execution Time">
					<Value>0.108297</Value>
				</NamedMeasurement>
				<NamedMeasurement type="numeric/double" name="Processors">
					<Value>1</Value>
				</NamedMeasurement>
				<NamedMeasurement type="text/string" name="Completion Status">
					<Value>Completed</Value>
				</NamedMeasurement>
				<NamedMeasurement type="text/string" name="Command Line">
					<Value>D:\Example\build\test\ExampleTests.exe</Value>
				</NamedMeasurement>
				<NamedMeasurement type="text/string" name="Environment">
					<Value>#CTEST_RESOURCE_GROUP_COUNT=</Value>
				</NamedMeasurement>
				<Measurement>
					<Value encoding="base64" compression="gzip">eJwLKs3Ly8xLV8hNzMzT0FRIK8rPVXCxinGtSMwtyEmNSc/PT89JLUktLkFmFhclx6SDWPEgbXrJyVzRtnAQqxAENdNAAaSmGGIohKNQXJoJpPVQNeBWqFCUmKenoGGgkFusUJJfkpijyRWtoBDgGBzs6qKgANepxwUAf/RCcw==</Value>
				</Measurement>
			</Results>
		</Test>
		<EndDateTime>Jun 19 18:33 India Standard Time</EndDateTime>
		<EndTestTime>1718802217</EndTestTime>
		<ElapsedMinutes>0</ElapsedMinutes>
	</Testing>
</Site>
